-------------------------------------------------------------------------------
Test set: com.web.techNet.TechNetApplicationTests
-------------------------------------------------------------------------------
Tests run: 1, Failures: 0, Errors: 1, Skipped: 0, Time elapsed: 5.516 s <<< FAILURE! - in com.web.techNet.TechNetApplicationTests
contextLoads  Time elapsed: 0.013 s  <<< ERROR!
java.lang.IllegalStateException: Failed to load ApplicationContext
Caused by: org.springframework.beans.factory.UnsatisfiedDependencyException: 
Error creating bean with name 'accountAdminController': Unsatisfied dependency expressed through field 'orderService'; nested exception is org.springframework.beans.factory.BeanCreationException: Error creating bean with name 'orderServiceImpl' defined in file [D:\TechNet_Shop-main\target\classes\com\web\techNet\implement\OrderServiceImpl.class]: Instantiation of bean failed; nested exception is org.springframework.beans.BeanInstantiationException: Failed to instantiate [com.web.techNet.implement.OrderServiceImpl]: Constructor threw exception; nested exception is java.lang.Error: Unresolved compilation problem: 
	The method setOrder(Order) is undefined for the type OrderDetail

Caused by: org.springframework.beans.factory.BeanCreationException: 
Error creating bean with name 'orderServiceImpl' defined in file [D:\TechNet_Shop-main\target\classes\com\web\techNet\implement\OrderServiceImpl.class]: Instantiation of bean failed; nested exception is org.springframework.beans.BeanInstantiationException: Failed to instantiate [com.web.techNet.implement.OrderServiceImpl]: Constructor threw exception; nested exception is java.lang.Error: Unresolved compilation problem: 
	The method setOrder(Order) is undefined for the type OrderDetail

Caused by: org.springframework.beans.BeanInstantiationException: 
Failed to instantiate [com.web.techNet.implement.OrderServiceImpl]: Constructor threw exception; nested exception is java.lang.Error: Unresolved compilation problem: 
	The method setOrder(Order) is undefined for the type OrderDetail

Caused by: java.lang.Error: 
Unresolved compilation problem: 
	The method setOrder(Order) is undefined for the type OrderDetail


